{"level":"error","message":"API call failed (attempt 1/3): read ECONNRESET","params":{"api_key":"5777ba9663bc0ce0443cce83e4944253"},"timestamp":"2025-05-16T16:35:07.607Z","url":"https://api.themoviedb.org/3/movie/1433719"}
{"level":"error","message":"API call failed (attempt 1/3): read ECONNRESET","params":{"api_key":"5777ba9663bc0ce0443cce83e4944253"},"timestamp":"2025-05-16T16:41:20.637Z","url":"https://api.themoviedb.org/3/movie/464052"}
{"level":"error","message":"API call failed (attempt 1/3): read ECONNRESET","params":{"api_key":"5777ba9663bc0ce0443cce83e4944253"},"timestamp":"2025-05-16T16:41:20.638Z","url":"https://api.themoviedb.org/3/movie/157336"}
{"level":"error","message":"API call failed (attempt 1/3): read ECONNRESET","params":{"api_key":"5777ba9663bc0ce0443cce83e4944253"},"timestamp":"2025-05-16T16:41:20.640Z","url":"https://api.themoviedb.org/3/movie/263115"}
{"level":"error","message":"API call failed (attempt 2/3): read ECONNRESET","params":{"api_key":"5777ba9663bc0ce0443cce83e4944253"},"timestamp":"2025-05-16T16:41:21.839Z","url":"https://api.themoviedb.org/3/movie/263115"}
{"level":"error","message":"API call failed (attempt 1/3): read ECONNRESET","params":{"api_key":"5777ba9663bc0ce0443cce83e4944253"},"timestamp":"2025-05-16T16:46:54.440Z","url":"https://api.themoviedb.org/3/movie/157336"}
{"level":"error","message":"API call failed (attempt 1/3): read ECONNRESET","params":{"api_key":"5777ba9663bc0ce0443cce83e4944253"},"timestamp":"2025-05-16T16:46:54.441Z","url":"https://api.themoviedb.org/3/movie/263115"}
{"level":"error","message":"API call failed (attempt 1/3): read ECONNRESET","params":{"api_key":"5777ba9663bc0ce0443cce83e4944253"},"timestamp":"2025-05-16T16:46:54.451Z","url":"https://api.themoviedb.org/3/movie/1927"}
{"level":"error","message":"API call failed (attempt 2/3): read ECONNRESET","params":{"api_key":"5777ba9663bc0ce0443cce83e4944253"},"timestamp":"2025-05-16T16:46:55.642Z","url":"https://api.themoviedb.org/3/movie/1927"}
{"level":"error","message":"API call failed (attempt 1/3): read ECONNRESET","params":{"api_key":"5777ba9663bc0ce0443cce83e4944253"},"timestamp":"2025-05-18T12:34:50.979Z","url":"https://api.themoviedb.org/3/movie/848116"}
{"level":"error","message":"API call failed (attempt 1/3): read ECONNRESET","params":{"api_key":"5777ba9663bc0ce0443cce83e4944253"},"timestamp":"2025-05-18T12:34:50.987Z","url":"https://api.themoviedb.org/3/movie/762509"}
{"level":"error","message":"API call failed (attempt 1/3): read ECONNRESET","params":{"api_key":"5777ba9663bc0ce0443cce83e4944253"},"timestamp":"2025-05-18T12:34:50.989Z","url":"https://api.themoviedb.org/3/movie/680"}
{"level":"error","message":"API call failed (attempt 1/3): read ECONNRESET","params":{"api_key":"5777ba9663bc0ce0443cce83e4944253"},"timestamp":"2025-05-18T12:34:50.992Z","url":"https://api.themoviedb.org/3/movie/912649"}
{"level":"error","message":"API call failed (attempt 1/3): read ECONNRESET","params":{"api_key":"5777ba9663bc0ce0443cce83e4944253"},"timestamp":"2025-05-18T12:34:50.996Z","url":"https://api.themoviedb.org/3/movie/777443"}
{"level":"error","message":"API call failed (attempt 1/3): read ECONNRESET","params":{"api_key":"5777ba9663bc0ce0443cce83e4944253"},"timestamp":"2025-05-18T12:34:51.007Z","url":"https://api.themoviedb.org/3/movie/1212855"}
{"level":"error","message":"API call failed (attempt 1/3): read ECONNRESET","params":{"api_key":"5777ba9663bc0ce0443cce83e4944253"},"timestamp":"2025-05-18T12:34:51.010Z","url":"https://api.themoviedb.org/3/movie/939243"}
{"level":"error","message":"API call failed (attempt 2/3): read ECONNRESET","params":{"api_key":"5777ba9663bc0ce0443cce83e4944253"},"timestamp":"2025-05-18T12:34:52.208Z","url":"https://api.themoviedb.org/3/movie/1212855"}
{"level":"error","message":"API call failed (attempt 2/3): read ECONNRESET","params":{"api_key":"5777ba9663bc0ce0443cce83e4944253"},"timestamp":"2025-05-18T12:34:52.215Z","url":"https://api.themoviedb.org/3/movie/777443"}
{"level":"error","message":"API call failed (attempt 2/3): read ECONNRESET","params":{"api_key":"5777ba9663bc0ce0443cce83e4944253"},"timestamp":"2025-05-18T12:34:52.221Z","url":"https://api.themoviedb.org/3/movie/939243"}
{"level":"error","message":"API call failed (attempt 1/3): read ECONNRESET","params":{"api_key":"5777ba9663bc0ce0443cce83e4944253"},"timestamp":"2025-05-18T17:51:31.276Z","url":"https://api.themoviedb.org/3/movie/1195506"}
{"level":"error","message":"API call failed (attempt 1/3): read ECONNRESET","params":{"api_key":"5777ba9663bc0ce0443cce83e4944253"},"timestamp":"2025-05-18T17:51:31.278Z","url":"https://api.themoviedb.org/3/movie/1064213"}
{"level":"error","message":"API call failed (attempt 1/3): read ECONNRESET","params":{"api_key":"5777ba9663bc0ce0443cce83e4944253"},"timestamp":"2025-05-18T17:51:31.279Z","url":"https://api.themoviedb.org/3/movie/324544"}
{"level":"error","message":"API call failed (attempt 1/3): read ECONNRESET","params":{"api_key":"5777ba9663bc0ce0443cce83e4944253"},"timestamp":"2025-05-18T17:51:31.280Z","url":"https://api.themoviedb.org/3/movie/939243"}
{"level":"error","message":"API call failed (attempt 1/3): read ECONNRESET","params":{"api_key":"5777ba9663bc0ce0443cce83e4944253"},"timestamp":"2025-05-18T17:51:31.282Z","url":"https://api.themoviedb.org/3/movie/680"}
{"level":"error","message":"API call failed (attempt 1/3): read ECONNRESET","params":{"api_key":"5777ba9663bc0ce0443cce83e4944253"},"timestamp":"2025-05-18T17:51:31.283Z","url":"https://api.themoviedb.org/3/movie/1212855"}
{"level":"error","message":"API call failed (attempt 1/3): read ECONNRESET","params":{"api_key":"5777ba9663bc0ce0443cce83e4944253"},"timestamp":"2025-05-18T17:51:31.284Z","url":"https://api.themoviedb.org/3/movie/848116"}
{"level":"error","message":"API call failed (attempt 1/3): read ECONNRESET","params":{"api_key":"5777ba9663bc0ce0443cce83e4944253"},"timestamp":"2025-05-18T17:51:31.286Z","url":"https://api.themoviedb.org/3/movie/777443"}
{"level":"error","message":"API call failed (attempt 2/3): read ECONNRESET","params":{"api_key":"5777ba9663bc0ce0443cce83e4944253"},"timestamp":"2025-05-18T17:51:32.484Z","url":"https://api.themoviedb.org/3/movie/1212855"}
{"level":"error","message":"API call failed (attempt 1/3): read ECONNRESET","params":{"api_key":"5777ba9663bc0ce0443cce83e4944253"},"timestamp":"2025-05-19T08:33:00.716Z","url":"https://api.themoviedb.org/3/movie/464052"}
{"level":"error","message":"API call failed (attempt 1/3): read ECONNRESET","params":{"api_key":"5777ba9663bc0ce0443cce83e4944253"},"timestamp":"2025-05-19T08:33:00.718Z","url":"https://api.themoviedb.org/3/movie/1433719"}
{"level":"error","message":"API call failed (attempt 1/3): read ECONNRESET","params":{"api_key":"5777ba9663bc0ce0443cce83e4944253"},"timestamp":"2025-05-19T08:33:00.731Z","url":"https://api.themoviedb.org/3/movie/157336"}
{"level":"error","message":"API call failed (attempt 2/3): read ECONNRESET","params":{"api_key":"5777ba9663bc0ce0443cce83e4944253"},"timestamp":"2025-05-19T08:33:01.956Z","url":"https://api.themoviedb.org/3/movie/157336"}
{"level":"error","message":"API call failed (attempt 1/3): read ECONNRESET","params":{"api_key":"5777ba9663bc0ce0443cce83e4944253"},"timestamp":"2025-05-19T08:35:06.151Z","url":"https://api.themoviedb.org/3/movie/1195506"}
{"level":"error","message":"API call failed (attempt 1/3): read ECONNRESET","params":{"api_key":"5777ba9663bc0ce0443cce83e4944253"},"timestamp":"2025-05-19T08:35:06.153Z","url":"https://api.themoviedb.org/3/movie/777443"}
{"level":"error","message":"API call failed (attempt 1/3): read ECONNRESET","params":{"api_key":"5777ba9663bc0ce0443cce83e4944253"},"timestamp":"2025-05-19T08:35:06.157Z","url":"https://api.themoviedb.org/3/movie/324544"}
{"level":"error","message":"API call failed (attempt 1/3): read ECONNRESET","params":{"api_key":"5777ba9663bc0ce0443cce83e4944253"},"timestamp":"2025-05-19T08:35:06.164Z","url":"https://api.themoviedb.org/3/movie/680"}
{"level":"error","message":"API call failed (attempt 1/3): read ECONNRESET","params":{"api_key":"5777ba9663bc0ce0443cce83e4944253"},"timestamp":"2025-05-19T08:35:06.168Z","url":"https://api.themoviedb.org/3/movie/939243"}
{"level":"error","message":"API call failed (attempt 1/3): read ECONNRESET","params":{"api_key":"5777ba9663bc0ce0443cce83e4944253"},"timestamp":"2025-05-19T08:35:06.169Z","url":"https://api.themoviedb.org/3/movie/1212855"}
{"level":"error","message":"API call failed (attempt 2/3): read ECONNRESET","params":{"api_key":"5777ba9663bc0ce0443cce83e4944253"},"timestamp":"2025-05-19T08:35:07.402Z","url":"https://api.themoviedb.org/3/movie/1212855"}
{"level":"error","message":"API call failed (attempt 1/3): read ECONNRESET","params":{"api_key":"5777ba9663bc0ce0443cce83e4944253"},"timestamp":"2025-05-19T09:48:07.691Z","url":"https://api.themoviedb.org/3/movie/762509"}
{"level":"error","message":"API call failed (attempt 1/3): read ECONNRESET","params":{"api_key":"5777ba9663bc0ce0443cce83e4944253"},"timestamp":"2025-05-19T09:48:07.694Z","url":"https://api.themoviedb.org/3/movie/939243"}
{"level":"error","message":"API call failed (attempt 1/3): read ECONNRESET","params":{"api_key":"5777ba9663bc0ce0443cce83e4944253"},"timestamp":"2025-05-19T09:48:07.698Z","url":"https://api.themoviedb.org/3/movie/848116"}
{"level":"error","message":"API call failed (attempt 1/3): read ECONNRESET","params":{"api_key":"5777ba9663bc0ce0443cce83e4944253"},"timestamp":"2025-05-19T09:48:07.701Z","url":"https://api.themoviedb.org/3/movie/324544"}
{"level":"error","message":"API call failed (attempt 1/3): read ECONNRESET","params":{"api_key":"5777ba9663bc0ce0443cce83e4944253"},"timestamp":"2025-05-19T09:48:07.703Z","url":"https://api.themoviedb.org/3/movie/912649"}
{"level":"error","message":"API call failed (attempt 1/3): read ECONNRESET","params":{"api_key":"5777ba9663bc0ce0443cce83e4944253"},"timestamp":"2025-05-19T09:48:07.704Z","url":"https://api.themoviedb.org/3/movie/539972"}
{"level":"error","message":"API call failed (attempt 2/3): read ECONNRESET","params":{"api_key":"5777ba9663bc0ce0443cce83e4944253"},"timestamp":"2025-05-19T09:48:08.909Z","url":"https://api.themoviedb.org/3/movie/539972"}
{"level":"error","message":"API call failed (attempt 1/3): read ECONNRESET","params":{"api_key":"5777ba9663bc0ce0443cce83e4944253"},"timestamp":"2025-05-19T18:32:32.751Z","url":"https://api.themoviedb.org/3/movie/1064213"}
{"level":"error","message":"API call failed (attempt 1/3): read ECONNRESET","params":{"api_key":"5777ba9663bc0ce0443cce83e4944253"},"timestamp":"2025-05-19T18:32:32.755Z","url":"https://api.themoviedb.org/3/movie/324544"}
{"level":"error","message":"API call failed (attempt 1/3): read ECONNRESET","params":{"api_key":"5777ba9663bc0ce0443cce83e4944253"},"timestamp":"2025-05-19T18:32:32.757Z","url":"https://api.themoviedb.org/3/movie/680"}
{"level":"error","message":"API call failed (attempt 1/3): read ECONNRESET","params":{"api_key":"5777ba9663bc0ce0443cce83e4944253"},"timestamp":"2025-05-19T18:32:32.759Z","url":"https://api.themoviedb.org/3/movie/1195506"}
{"level":"error","message":"API call failed (attempt 1/3): read ECONNRESET","params":{"api_key":"5777ba9663bc0ce0443cce83e4944253"},"timestamp":"2025-05-19T18:32:32.762Z","url":"https://api.themoviedb.org/3/movie/777443"}
{"level":"error","message":"API call failed (attempt 1/3): read ECONNRESET","params":{"api_key":"5777ba9663bc0ce0443cce83e4944253"},"timestamp":"2025-05-20T18:08:14.978Z","url":"https://api.themoviedb.org/3/movie/777443"}
{"level":"error","message":"API call failed (attempt 1/3): read ECONNRESET","params":{"api_key":"5777ba9663bc0ce0443cce83e4944253"},"timestamp":"2025-05-20T18:08:14.979Z","url":"https://api.themoviedb.org/3/movie/1212855"}
{"level":"error","message":"API call failed (attempt 1/3): read ECONNRESET","params":{"api_key":"5777ba9663bc0ce0443cce83e4944253"},"timestamp":"2025-05-20T18:08:14.980Z","url":"https://api.themoviedb.org/3/movie/939243"}
{"level":"error","message":"API call failed (attempt 1/3): read ECONNRESET","params":{"api_key":"5777ba9663bc0ce0443cce83e4944253"},"timestamp":"2025-05-20T18:08:14.987Z","url":"https://api.themoviedb.org/3/movie/848116"}
{"level":"error","message":"API call failed (attempt 1/3): read ECONNRESET","params":{"api_key":"5777ba9663bc0ce0443cce83e4944253"},"timestamp":"2025-05-20T18:08:14.988Z","url":"https://api.themoviedb.org/3/movie/680"}
{"level":"error","message":"API call failed (attempt 1/3): read ECONNRESET","params":{"api_key":"5777ba9663bc0ce0443cce83e4944253"},"timestamp":"2025-05-20T18:08:14.997Z","url":"https://api.themoviedb.org/3/movie/324544"}
{"level":"error","message":"API call failed (attempt 1/3): read ECONNRESET","params":{"api_key":"5777ba9663bc0ce0443cce83e4944253"},"timestamp":"2025-05-20T18:08:14.999Z","url":"https://api.themoviedb.org/3/movie/539972"}
{"level":"error","message":"API call failed (attempt 2/3): read ECONNRESET","params":{"api_key":"5777ba9663bc0ce0443cce83e4944253"},"timestamp":"2025-05-20T18:08:16.201Z","url":"https://api.themoviedb.org/3/movie/680"}
{"level":"error","message":"API call failed (attempt 2/3): read ECONNRESET","params":{"api_key":"5777ba9663bc0ce0443cce83e4944253"},"timestamp":"2025-05-20T18:08:16.207Z","url":"https://api.themoviedb.org/3/movie/324544"}
{"level":"error","message":"API call failed (attempt 1/3): read ECONNRESET","params":{"api_key":"5777ba9663bc0ce0443cce83e4944253"},"timestamp":"2025-05-21T07:53:21.923Z","url":"https://api.themoviedb.org/3/movie/1212855"}
{"level":"error","message":"API call failed (attempt 1/3): read ECONNRESET","params":{"api_key":"5777ba9663bc0ce0443cce83e4944253"},"timestamp":"2025-05-21T07:53:21.924Z","url":"https://api.themoviedb.org/3/movie/1064213"}
{"level":"error","message":"API call failed (attempt 1/3): read ECONNRESET","params":{"api_key":"5777ba9663bc0ce0443cce83e4944253"},"timestamp":"2025-05-21T07:53:21.925Z","url":"https://api.themoviedb.org/3/movie/680"}
{"level":"error","message":"API call failed (attempt 1/3): read ECONNRESET","params":{"api_key":"5777ba9663bc0ce0443cce83e4944253"},"timestamp":"2025-05-21T07:53:21.930Z","url":"https://api.themoviedb.org/3/movie/848116"}
{"level":"error","message":"API call failed (attempt 1/3): read ECONNRESET","params":{"api_key":"5777ba9663bc0ce0443cce83e4944253"},"timestamp":"2025-05-21T07:53:21.935Z","url":"https://api.themoviedb.org/3/movie/912649"}
{"level":"error","message":"API call failed (attempt 1/3): read ECONNRESET","params":{"api_key":"5777ba9663bc0ce0443cce83e4944253"},"timestamp":"2025-05-21T07:53:21.938Z","url":"https://api.themoviedb.org/3/movie/777443"}
{"level":"error","message":"API call failed (attempt 1/3): read ECONNRESET","params":{"api_key":"5777ba9663bc0ce0443cce83e4944253"},"timestamp":"2025-05-21T07:53:21.942Z","url":"https://api.themoviedb.org/3/movie/939243"}
{"level":"error","message":"API call failed (attempt 1/3): read ECONNRESET","params":{"api_key":"5777ba9663bc0ce0443cce83e4944253"},"timestamp":"2025-05-21T07:53:21.945Z","url":"https://api.themoviedb.org/3/movie/324544"}
{"level":"error","message":"API call failed (attempt 1/3): read ECONNRESET","params":{"api_key":"5777ba9663bc0ce0443cce83e4944253"},"timestamp":"2025-05-21T07:53:21.946Z","url":"https://api.themoviedb.org/3/movie/539972"}
{"level":"error","message":"API call failed (attempt 1/3): read ECONNRESET","params":{"api_key":"5777ba9663bc0ce0443cce83e4944253"},"timestamp":"2025-05-21T07:53:21.949Z","url":"https://api.themoviedb.org/3/movie/1195506"}
{"level":"error","message":"API call failed (attempt 2/3): read ECONNRESET","params":{"api_key":"5777ba9663bc0ce0443cce83e4944253"},"timestamp":"2025-05-21T07:53:23.158Z","url":"https://api.themoviedb.org/3/movie/1064213"}
{"level":"error","message":"API call failed (attempt 2/3): read ECONNRESET","params":{"api_key":"5777ba9663bc0ce0443cce83e4944253"},"timestamp":"2025-05-21T07:53:23.159Z","url":"https://api.themoviedb.org/3/movie/680"}
{"level":"error","message":"API call failed (attempt 2/3): read ECONNRESET","params":{"api_key":"5777ba9663bc0ce0443cce83e4944253"},"timestamp":"2025-05-21T07:53:23.177Z","url":"https://api.themoviedb.org/3/movie/777443"}
{"level":"error","message":"API call failed (attempt 2/3): read ECONNRESET","params":{"api_key":"5777ba9663bc0ce0443cce83e4944253"},"timestamp":"2025-05-21T07:53:23.178Z","url":"https://api.themoviedb.org/3/movie/939243"}
{"level":"error","message":"API call failed (attempt 2/3): read ECONNRESET","params":{"api_key":"5777ba9663bc0ce0443cce83e4944253"},"timestamp":"2025-05-21T07:53:23.179Z","url":"https://api.themoviedb.org/3/movie/1195506"}
{"level":"error","message":"API call failed (attempt 2/3): read ECONNRESET","params":{"api_key":"5777ba9663bc0ce0443cce83e4944253"},"timestamp":"2025-05-21T07:53:23.194Z","url":"https://api.themoviedb.org/3/movie/539972"}
{"level":"error","message":"API call failed (attempt 2/3): read ECONNRESET","params":{"api_key":"5777ba9663bc0ce0443cce83e4944253"},"timestamp":"2025-05-21T07:53:23.195Z","url":"https://api.themoviedb.org/3/movie/912649"}
{"level":"error","message":"API call failed (attempt 2/3): read ECONNRESET","params":{"api_key":"5777ba9663bc0ce0443cce83e4944253"},"timestamp":"2025-05-21T07:53:23.196Z","url":"https://api.themoviedb.org/3/movie/324544"}
{"level":"error","message":"API call failed (attempt 3/3): read ECONNRESET","params":{"api_key":"5777ba9663bc0ce0443cce83e4944253"},"timestamp":"2025-05-21T07:53:25.410Z","url":"https://api.themoviedb.org/3/movie/324544"}
{"level":"error","message":"Error fetching TMDb data for In the Lost Lands (ID: 324544): read ECONNRESET","timestamp":"2025-05-21T07:53:25.410Z"}
{"level":"error","message":"API call failed (attempt 3/3): read ECONNRESET","params":{"api_key":"5777ba9663bc0ce0443cce83e4944253"},"timestamp":"2025-05-21T07:53:25.412Z","url":"https://api.themoviedb.org/3/movie/912649"}
{"level":"error","message":"Error fetching TMDb data for Venom: The Last Dance (ID: 912649): read ECONNRESET","timestamp":"2025-05-21T07:53:25.412Z"}
{"level":"error","message":"API call failed (attempt 3/3): read ECONNRESET","params":{"api_key":"5777ba9663bc0ce0443cce83e4944253"},"timestamp":"2025-05-21T07:53:25.416Z","url":"https://api.themoviedb.org/3/movie/539972"}
{"level":"error","message":"Error fetching TMDb data for Kraven the Hunter (ID: 539972): read ECONNRESET","timestamp":"2025-05-21T07:53:25.417Z"}
{"level":"error","message":"API call failed (attempt 3/3): read ECONNRESET","params":{"api_key":"5777ba9663bc0ce0443cce83e4944253"},"timestamp":"2025-05-21T07:53:25.438Z","url":"https://api.themoviedb.org/3/movie/1195506"}
{"level":"error","message":"Error fetching TMDb data for Novocaine (ID: 1195506): read ECONNRESET","timestamp":"2025-05-21T07:53:25.439Z"}
